============================= test session starts =============================
platform win32 -- Python 3.14.2, pytest-9.0.2, pluggy-1.6.0 -- C:\Users\User\AppData\Local\Python\pythoncore-3.14-64\python.exe
cachedir: .pytest_cache
rootdir: D:\VS_Code\dev-newtutils
configfile: pyproject.toml
plugins: cov-7.0.0
collecting ... collected 43 items

test_files.py::TestEnsureDirExists::test_creates_nested_directory 
START=======================================
=====captured.out=====
Function: test_creates_nested_directory
============================================

=====captured.err=====
(no stderr captured)
END=========================================
PASSED
test_files.py::TestEnsureDirExists::test_handles_current_directory 
START=======================================
=====captured.out=====
Function: test_handles_current_directory
============================================

=====captured.err=====
(no stderr captured)
END=========================================
PASSED
test_files.py::TestCheckFileExists::test_returns_true_for_existing_file 
START=======================================
=====captured.out=====
Function: test_returns_true_for_existing_file
--------------------------------------------
[1m [31m
Location: Newt.files._check_file_exists
::: ERROR :::
File not found: C:\Users\User\AppData\Local\Temp\xxxxxxxxxxx
[0m

=====captured.err=====
(no stderr captured)
END=========================================
PASSED
test_files.py::TestCheckFileExists::test_returns_false_for_invalid_input 
START=======================================
=====captured.out=====
Function: test_returns_false_for_invalid_input
--------------------------------------------
[1m [31m
Location: Newt.console.validate_input > Newt.files._check_file_exists.file_path
::: ERROR :::
Expected <class 'str'>, got <class 'int'>
Value: 123
[0m

=====captured.err=====
(no stderr captured)
END=========================================
PASSED
test_files.py::TestNormalizeNewlines::test_converts_windows_newlines 
START=======================================
=====captured.out=====
Function: test_converts_windows_newlines
--------------------------------------------
'line1\r\nline2\r\nline3'
'line1\nline2\nline3'

=====captured.err=====
(no stderr captured)
END=========================================
PASSED
test_files.py::TestNormalizeNewlines::test_preserves_unix_newlines 
START=======================================
=====captured.out=====
Function: test_preserves_unix_newlines
--------------------------------------------
'line1\nline2\nline3'
'line1\nline2\nline3'

=====captured.err=====
(no stderr captured)
END=========================================
PASSED
test_files.py::TestNormalizeNewlines::test_handles_mixed_newlines 
START=======================================
=====captured.out=====
Function: test_handles_mixed_newlines
--------------------------------------------
'line1\r\nline2\nline3\r\n'
'line1\nline2\nline3'

=====captured.err=====
(no stderr captured)
END=========================================
PASSED
test_files.py::TestNormalizeNewlines::test_handles_empty_string 
START=======================================
=====captured.out=====
Function: test_handles_empty_string
--------------------------------------------

=====captured.err=====
(no stderr captured)
END=========================================
PASSED
test_files.py::TestChooseFileFromFolder::test_returns_none_for_nonexistent_folder 
START=======================================
=====captured.out=====
Function: test_returns_none_for_nonexistent_folder
--------------------------------------------
[1m [31m
Location: Newt.files.choose_file_from_folder
::: ERROR :::
Folder not found: /nonexistent/folder
[0m

=====captured.err=====
(no stderr captured)
END=========================================
PASSED
test_files.py::TestChooseFileFromFolder::test_returns_none_for_empty_folder 
START=======================================
=====captured.out=====
Function: test_returns_none_for_empty_folder
--------------------------------------------
No files found in this folder.

=====captured.err=====
(no stderr captured)
END=========================================
PASSED
test_files.py::TestChooseFileFromFolder::test_returns_none_for_input_zero 
START=======================================
=====captured.out=====
Function: test_returns_none_for_input_zero
--------------------------------------------

Available files: 3
  1: dummy_file_0.txt
  2: dummy_file_1.txt
  3: dummy_file_2.txt
  0: Exit / Cancel
[INPUT]: 0
Selection cancelled.

=====captured.err=====
(no stderr captured)
END=========================================
PASSED
test_files.py::TestChooseFileFromFolder::test_returns_none_for_invalid_input 
START=======================================
=====captured.out=====
Function: test_returns_none_for_invalid_input
--------------------------------------------
[1m [31m
Location: Newt.console.validate_input > Newt.files.choose_file_from_folder.folder_path
::: ERROR :::
Expected <class 'str'>, got <class 'int'>
Value: 123
[0m

=====captured.err=====
(no stderr captured)
END=========================================
PASSED
test_files.py::TestTextFiles::test_save_and_read_text_file 
START=======================================
=====captured.out=====
Function: test_save_and_read_text_file
--------------------------------------------
[Newt.files.save_text_to_file] Saved text to file:
C:\Users\User\AppData\Local\Temp\xxxxxxxxxxx.txt
(mode=write, length=12)
[Newt.files.read_text_from_file] Loaded text from file:
C:\Users\User\AppData\Local\Temp\xxxxxxxxxxx.txt
(length=13)
'Hello\nWorld!\n'

=====captured.err=====
(no stderr captured)
END=========================================
PASSED
test_files.py::TestTextFiles::test_save_text_creates_directory 
START=======================================
=====captured.out=====
Function: test_save_text_creates_directory
--------------------------------------------
[Newt.files.save_text_to_file] Saved text to file:
C:\Users\User\AppData\Local\Temp\xxxxxxxxxxx\level1\level2\file.txt
(mode=write, length=4)

=====captured.err=====
(no stderr captured)
END=========================================
PASSED
test_files.py::TestTextFiles::test_save_text_append_mode 
START=======================================
=====captured.out=====
Function: test_save_text_append_mode
--------------------------------------------
[Newt.files.save_text_to_file] Saved text to file:
C:\Users\User\AppData\Local\Temp\xxxxxxxxxxx.txt
(mode=write, length=6)
[Newt.files.save_text_to_file] Saved text to file:
C:\Users\User\AppData\Local\Temp\xxxxxxxxxxx.txt
(mode=append, length=6)
[Newt.files.read_text_from_file] Loaded text from file:
C:\Users\User\AppData\Local\Temp\xxxxxxxxxxx.txt
(length=14)
'Line 1\nLine 2\n'

=====captured.err=====
(no stderr captured)
END=========================================
PASSED
test_files.py::TestTextFiles::test_read_text_from_nonexistent_file 
START=======================================
=====captured.out=====
Function: test_read_text_from_nonexistent_file
--------------------------------------------
[1m [31m
Location: Newt.files._check_file_exists
::: ERROR :::
File not found: /nonexistent/file.txt
[0m
''

=====captured.err=====
(no stderr captured)
END=========================================
PASSED
test_files.py::TestTextFiles::test_save_text_normalizes_newlines 
START=======================================
=====captured.out=====
Function: test_save_text_normalizes_newlines
--------------------------------------------
'line1\r\nline2\r\n'
[Newt.files.save_text_to_file] Saved text to file:
C:\Users\User\AppData\Local\Temp\xxxxxxxxxxx.txt
(mode=write, length=11)
[Newt.files.read_text_from_file] Loaded text from file:
C:\Users\User\AppData\Local\Temp\xxxxxxxxxxx.txt
(length=12)
'line1\nline2\n'

=====captured.err=====
(no stderr captured)
END=========================================
PASSED
test_files.py::TestTextFiles::test_save_text_invalid_input 
START=======================================
=====captured.out=====
Function: test_save_text_invalid_input
--------------------------------------------
[1m [31m
Location: Newt.console.validate_input > Newt.files.save_text_to_file.file_name
::: ERROR :::
Expected <class 'str'>, got <class 'int'>
Value: 123
[0m
[1m [31m
Location: Newt.console.validate_input > Newt.files.save_text_to_file.text
::: ERROR :::
Expected <class 'str'>, got <class 'int'>
Value: 456
[0m

=====captured.err=====
(no stderr captured)
END=========================================
PASSED
test_files.py::TestConvertStrToJson::test_parses_valid_json_dict 
START=======================================
=====captured.out=====
Function: test_parses_valid_json_dict
--------------------------------------------
'{"name": "test", "value": 123, "items": [1, 2, 3]}'
{'name': 'test', 'value': 123, 'items': [1, 2, 3]}

=====captured.err=====
(no stderr captured)
END=========================================
PASSED
test_files.py::TestConvertStrToJson::test_parses_valid_json_list 
START=======================================
=====captured.out=====
Function: test_parses_valid_json_list
--------------------------------------------
'[1, 2, 3, {"key": "value"}]'
[1, 2, 3, {'key': 'value'}]

=====captured.err=====
(no stderr captured)
END=========================================
PASSED
test_files.py::TestConvertStrToJson::test_parses_single_quotes_dict 
START=======================================
=====captured.out=====
Function: test_parses_single_quotes_dict
--------------------------------------------
"{'name': 'test', 'value': 123}"
[1m [31m
Location: Newt.files.str_to_json.standard
::: ERROR :::
Failed to parse string to JSON: Expecting property name enclosed in double quotes: line 1 column 2 (char 1)
Trying to replace single quotes with double quotes...
[0m
{'name': 'test', 'value': 123}

=====captured.err=====
(no stderr captured)
END=========================================
PASSED
test_files.py::TestConvertStrToJson::test_parses_single_quotes_list 
START=======================================
=====captured.out=====
Function: test_parses_single_quotes_list
--------------------------------------------
"['item1', 'item2', 'item3']"
[1m [31m
Location: Newt.files.str_to_json.standard
::: ERROR :::
Failed to parse string to JSON: Expecting value: line 1 column 2 (char 1)
Trying to replace single quotes with double quotes...
[0m
['item1', 'item2', 'item3']

=====captured.err=====
(no stderr captured)
END=========================================
PASSED
test_files.py::TestConvertStrToJson::test_returns_none_for_empty_string 
START=======================================
=====captured.out=====
Function: test_returns_none_for_empty_string
--------------------------------------------
None
None

=====captured.err=====
(no stderr captured)
END=========================================
PASSED
test_files.py::TestConvertStrToJson::test_returns_none_for_invalid_input 
START=======================================
=====captured.out=====
Function: test_returns_none_for_invalid_input
--------------------------------------------
[1m [31m
Location: Newt.console.validate_input > Newt.files.str_to_json.text
::: ERROR :::
Expected <class 'str'>, got <class 'int'>
Value: 123
[0m
None
[1m [31m
Location: Newt.console.validate_input > Newt.files.str_to_json.text
::: ERROR :::
Expected <class 'str'>, got <class 'NoneType'>
Value: None
[0m
None
[1m [31m
Location: Newt.console.validate_input > Newt.files.str_to_json.text
::: ERROR :::
Expected <class 'str'>, got <class 'list'>
Value: ['not', 'a', 'string']
[0m
None

=====captured.err=====
(no stderr captured)
END=========================================
PASSED
test_files.py::TestConvertStrToJson::test_returns_none_for_invalid_json 
START=======================================
=====captured.out=====
Function: test_returns_none_for_invalid_json
--------------------------------------------
'{ invalid json }'
[1m [31m
Location: Newt.files.str_to_json.standard
::: ERROR :::
Failed to parse string to JSON: Expecting property name enclosed in double quotes: line 1 column 3 (char 2)
Trying to replace single quotes with double quotes...
[0m
[1m [31m
Location: Newt.files.str_to_json.replace
::: ERROR :::
Failed to parse string to JSON: Expecting property name enclosed in double quotes: line 1 column 3 (char 2)
[0m
[1m [31m
Location: Newt.console.validate_input > Newt.files.str_to_json.validate_input
::: ERROR :::
Expected (<class 'list'>, <class 'dict'>), got <class 'str'>
Value: { invalid json }
[0m
None
'not json at all'
[1m [31m
Location: Newt.files.str_to_json.standard
::: ERROR :::
Failed to parse string to JSON: Expecting value: line 1 column 1 (char 0)
Trying to replace single quotes with double quotes...
[0m
[1m [31m
Location: Newt.files.str_to_json.replace
::: ERROR :::
Failed to parse string to JSON: Expecting value: line 1 column 1 (char 0)
[0m
[1m [31m
Location: Newt.console.validate_input > Newt.files.str_to_json.validate_input
::: ERROR :::
Expected (<class 'list'>, <class 'dict'>), got <class 'str'>
Value: not json at all
[0m
None

=====captured.err=====
(no stderr captured)
END=========================================
PASSED
test_files.py::TestConvertStrToJson::test_returns_none_for_non_list_or_dict_json 
START=======================================
=====captured.out=====
Function: test_returns_none_for_non_list_or_dict_json
--------------------------------------------
'"just a string"'
None
'123'
None
'true'
None

=====captured.err=====
(no stderr captured)
END=========================================
PASSED
test_files.py::TestConvertStrToJson::test_handles_whitespace 
START=======================================
=====captured.out=====
Function: test_handles_whitespace
--------------------------------------------
'   {"key": "value"}   '
{'key': 'value'}

=====captured.err=====
(no stderr captured)
END=========================================
PASSED
test_files.py::TestConvertStrToJson::test_handles_nested_structures 
START=======================================
=====captured.out=====
Function: test_handles_nested_structures
--------------------------------------------
'{"outer": {"inner": {"deep": [1, 2, 3]}}}'
{'outer': {'inner': {'deep': [1, 2, 3]}}}

=====captured.err=====
(no stderr captured)
END=========================================
PASSED
test_files.py::TestJsonFiles::test_save_and_read_json_dict 
START=======================================
=====captured.out=====
Function: test_save_and_read_json_dict
--------------------------------------------
{'name': 'test', 'value': 123, 'items': [1, 2, 3]}
[Newt.files.save_json_to_file] Saved JSON to file:
C:\Users\User\AppData\Local\Temp\xxxxxxxxxxx.json
(type=<class 'dict'>, indent=2)
[Newt.files.read_json_from_file] Loaded JSON from file:
C:\Users\User\AppData\Local\Temp\xxxxxxxxxxx.json
(type=<class 'dict'>)
{'name': 'test', 'value': 123, 'items': [1, 2, 3]}
[Newt.files.read_text_from_file] Loaded text from file:
C:\Users\User\AppData\Local\Temp\xxxxxxxxxxx.json
(length=75)
'{\n  "name": "test",\n  "value": 123,\n  "items": [\n    1,\n    2,\n    3\n  ]\n}\n'
{
  "name": "test",
  "value": 123,
  "items": [
    1,
    2,
    3
  ]
}


=====captured.err=====
(no stderr captured)
END=========================================
PASSED
test_files.py::TestJsonFiles::test_save_and_read_json_list 
START=======================================
=====captured.out=====
Function: test_save_and_read_json_list
--------------------------------------------
[1, 2, 3, {'key': 'value'}]
[Newt.files.save_json_to_file] Saved JSON to file:
C:\Users\User\AppData\Local\Temp\xxxxxxxxxxx.json
(type=<class 'list'>, indent=2)
[Newt.files.read_json_from_file] Loaded JSON from file:
C:\Users\User\AppData\Local\Temp\xxxxxxxxxxx.json
(type=<class 'list'>)
[1, 2, 3, {'key': 'value'}]
[Newt.files.read_text_from_file] Loaded text from file:
C:\Users\User\AppData\Local\Temp\xxxxxxxxxxx.json
(length=46)
'[\n  1,\n  2,\n  3,\n  {\n    "key": "value"\n  }\n]\n'
[
  1,
  2,
  3,
  {
    "key": "value"
  }
]


=====captured.err=====
(no stderr captured)
END=========================================
PASSED
test_files.py::TestJsonFiles::test_read_json_from_nonexistent_file 
START=======================================
=====captured.out=====
Function: test_read_json_from_nonexistent_file
--------------------------------------------
[1m [31m
Location: Newt.files._check_file_exists
::: ERROR :::
File not found: /nonexistent/file.json
[0m
[]

=====captured.err=====
(no stderr captured)
END=========================================
PASSED
test_files.py::TestJsonFiles::test_save_json_creates_directory 
START=======================================
=====captured.out=====
Function: test_save_json_creates_directory
--------------------------------------------
{'test': 'data'}
[Newt.files.save_json_to_file] Saved JSON to file:
C:\Users\User\AppData\Local\Temp\xxxxxxxxxxx\level1\level2\file.json
(type=<class 'dict'>, indent=2)

=====captured.err=====
(no stderr captured)
END=========================================
PASSED
test_files.py::TestJsonFiles::test_save_json_custom_indent 
START=======================================
=====captured.out=====
Function: test_save_json_custom_indent
--------------------------------------------
{'a': 1, 'b': 2}
[Newt.files.save_json_to_file] Saved JSON to file:
C:\Users\User\AppData\Local\Temp\xxxxxxxxxxx.json
(type=<class 'dict'>, indent=4)
[Newt.files.read_json_from_file] Loaded JSON from file:
C:\Users\User\AppData\Local\Temp\xxxxxxxxxxx.json
(type=<class 'dict'>)
{'a': 1, 'b': 2}
[Newt.files.read_text_from_file] Loaded text from file:
C:\Users\User\AppData\Local\Temp\xxxxxxxxxxx.json
(length=27)
'{\n    "a": 1,\n    "b": 2\n}\n'
{
    "a": 1,
    "b": 2
}


=====captured.err=====
(no stderr captured)
END=========================================
PASSED
test_files.py::TestJsonFiles::test_read_json_invalid_file 
START=======================================
=====captured.out=====
Function: test_read_json_invalid_file
--------------------------------------------
[1m [31m
Location: Newt.files.read_json_from_file
::: ERROR :::
Exception: Expecting property name enclosed in double quotes: line 1 column 3 (char 2)
[0m

=====captured.err=====
(no stderr captured)
END=========================================
PASSED
test_files.py::TestJsonFiles::test_save_json_invalid_input 
START=======================================
=====captured.out=====
Function: test_save_json_invalid_input
--------------------------------------------
[1m [31m
Location: Newt.console.validate_input > Newt.files.save_json_to_file.file_name
::: ERROR :::
Expected <class 'str'>, got <class 'int'>
Value: 123
[0m
[1m [31m
Location: Newt.console.validate_input > Newt.files.save_json_to_file.data
::: ERROR :::
Expected (<class 'list'>, <class 'dict'>), got <class 'str'>
Value: not a dict or list
[0m
[1m [31m
Location: Newt.files.read_json_from_file
::: ERROR :::
Exception: Expecting value: line 1 column 1 (char 0)
[0m
[Newt.files.read_text_from_file] Loaded text from file:
C:\Users\User\AppData\Local\Temp\xxxxxxxxxxx.json
(length=0)
''

=====captured.err=====
(no stderr captured)
END=========================================
PASSED
test_files.py::TestCsvFiles::test_save_and_read_csv 
START=======================================
=====captured.out=====
Function: test_save_and_read_csv
--------------------------------------------
[['Name', 'Age', 'City'], ['Alice', '30', 'New York'], ['Bob', '25', 'London']]
[Newt.files.save_csv_to_file] Saved CSV to file:
C:\Users\User\AppData\Local\Temp\xxxxxxxxxxx.csv
(rows=4, mode=write, delimiter=';')
[Newt.files.read_csv_from_file] Loaded CSV from file:
C:\Users\User\AppData\Local\Temp\xxxxxxxxxxx.csv
(rows=3, delimiter=';')
[['Name', 'Age', 'City'], ['Alice', '30', 'New York'], ['Bob', '25', 'London']]
[Newt.files.read_text_from_file] Loaded text from file:
C:\Users\User\AppData\Local\Temp\xxxxxxxxxxx.csv
(length=46)
'Name;Age;City\nAlice;30;New York\nBob;25;London\n'
Name;Age;City
Alice;30;New York
Bob;25;London


=====captured.err=====
(no stderr captured)
END=========================================
PASSED
test_files.py::TestCsvFiles::test_save_and_read_csv_custom_delimiter 
START=======================================
=====captured.out=====
Function: test_save_and_read_csv_custom_delimiter
--------------------------------------------
[['A', 'B'], ['1', '2']]
[Newt.files.save_csv_to_file] Saved CSV to file:
C:\Users\User\AppData\Local\Temp\xxxxxxxxxxx.csv
(rows=3, mode=write, delimiter=',')
[Newt.files.read_csv_from_file] Loaded CSV from file:
C:\Users\User\AppData\Local\Temp\xxxxxxxxxxx.csv
(rows=2, delimiter=',')
[['A', 'B'], ['1', '2']]
[Newt.files.read_text_from_file] Loaded text from file:
C:\Users\User\AppData\Local\Temp\xxxxxxxxxxx.csv
(length=8)
'A,B\n1,2\n'
A,B
1,2


=====captured.err=====
(no stderr captured)
END=========================================
PASSED
test_files.py::TestCsvFiles::test_read_csv_from_nonexistent_file 
START=======================================
=====captured.out=====
Function: test_read_csv_from_nonexistent_file
--------------------------------------------
[1m [31m
Location: Newt.files._check_file_exists
::: ERROR :::
File not found: /nonexistent/file.csv
[0m
[]

=====captured.err=====
(no stderr captured)
END=========================================
PASSED
test_files.py::TestCsvFiles::test_save_csv_creates_directory 
START=======================================
=====captured.out=====
Function: test_save_csv_creates_directory
--------------------------------------------
[['Header'], ['Data']]
[Newt.files.save_csv_to_file] Saved CSV to file:
C:\Users\User\AppData\Local\Temp\xxxxxxxxxxx\level1\level2\file.csv
(rows=3, mode=write, delimiter=';')

=====captured.err=====
(no stderr captured)
END=========================================
PASSED
test_files.py::TestCsvFiles::test_save_csv_normalizes_newlines_in_cells 
START=======================================
=====captured.out=====
Function: test_save_csv_normalizes_newlines_in_cells
--------------------------------------------
[['Cell1\r\nLine2', 'Cell2']]
[Newt.files.save_csv_to_file] Saved CSV to file:
C:\Users\User\AppData\Local\Temp\xxxxxxxxxxx.csv
(rows=2, mode=write, delimiter=';')
[Newt.files.read_csv_from_file] Loaded CSV from file:
C:\Users\User\AppData\Local\Temp\xxxxxxxxxxx.csv
(rows=1, delimiter=';')
[['Cell1\nLine2', 'Cell2']]
[Newt.files.read_text_from_file] Loaded text from file:
C:\Users\User\AppData\Local\Temp\xxxxxxxxxxx.csv
(length=20)
'"Cell1\nLine2";Cell2\n'
"Cell1
Line2";Cell2


=====captured.err=====
(no stderr captured)
END=========================================
PASSED
test_files.py::TestCsvFiles::test_save_csv_with_various_types 
START=======================================
=====captured.out=====
Function: test_save_csv_with_various_types
--------------------------------------------
[['String', 123, 45.67, True]]
[Newt.files.save_csv_to_file] Saved CSV to file:
C:\Users\User\AppData\Local\Temp\xxxxxxxxxxx.csv
(rows=2, mode=write, delimiter=';')
[Newt.files.read_csv_from_file] Loaded CSV from file:
C:\Users\User\AppData\Local\Temp\xxxxxxxxxxx.csv
(rows=1, delimiter=';')
[['String', '123', '45.67', 'True']]
[Newt.files.read_text_from_file] Loaded text from file:
C:\Users\User\AppData\Local\Temp\xxxxxxxxxxx.csv
(length=22)
'String;123;45.67;True\n'
String;123;45.67;True


=====captured.err=====
(no stderr captured)
END=========================================
PASSED
test_files.py::TestCsvFiles::test_save_csv_invalid_input 
START=======================================
=====captured.out=====
Function: test_save_csv_invalid_input
--------------------------------------------
[1m [31m
Location: Newt.console.validate_input > Newt.files.save_csv_to_file.file_name
::: ERROR :::
Expected <class 'str'>, got <class 'int'>
Value: 123
[0m
[1m [31m
Location: Newt.console.validate_input > Newt.files.save_csv_to_file.rows
::: ERROR :::
Expected (<class 'list'>, <class 'tuple'>), got <class 'str'>
Value: not a list
[0m
[1m [31m
Location: Newt.console.validate_input > Newt.files.save_csv_to_file.delimiter
::: ERROR :::
Expected <class 'str'>, got <class 'int'>
Value: 123
[0m
[Newt.files.read_text_from_file] Loaded text from file:
C:\Users\User\AppData\Local\Temp\xxxxxxxxxxx.csv
(length=0)
''

=====captured.err=====
(no stderr captured)
END=========================================
PASSED
test_files.py::TestCsvFiles::test_read_csv_invalid_delimiter 
START=======================================
=====captured.out=====
Function: test_read_csv_invalid_delimiter
--------------------------------------------
[Newt.files.read_csv_from_file] Loaded CSV from file:
C:\Users\User\AppData\Local\Temp\xxxxxxxxxxx.csv
(rows=2, delimiter=',')
[['A;B'], ['1;2']]
'A;B'

=====captured.err=====
(no stderr captured)
END=========================================
PASSED

============================= 43 passed in 0.16s ==============================
