============================= test session starts =============================
platform win32 -- Python 3.13.5, pytest-8.3.4, pluggy-1.5.0
rootdir: D:\VS_Code\dev-newtutils
configfile: pyproject.toml
plugins: anyio-4.7.0, cov-7.0.0
collected 34 items

test_files.py 
START=======================================
=====captured.out=====
Function: test_creates_nested_directory
--------------------------------------------

=====captured.err=====
(no stderr captured)
END=========================================
.
START=======================================
=====captured.out=====
Function: test_handles_existing_directory
--------------------------------------------

=====captured.err=====
(no stderr captured)
END=========================================
.
START=======================================
=====captured.out=====
Function: test_handles_current_directory
--------------------------------------------

=====captured.err=====
(no stderr captured)
END=========================================
.
START=======================================
=====captured.out=====
Function: test_returns_true_for_existing_file
--------------------------------------------
[1m [31m
Location: Newt.files._check_file_exists
::: ERROR :::
File not found: C:\Users\SelinaK\AppData\Local\Temp\tmp08ugmuut
[0m

=====captured.err=====
(no stderr captured)
END=========================================
.
START=======================================
=====captured.out=====
Function: test_returns_false_for_invalid_input
--------------------------------------------
[1m [31m
Location: Newt.console.validate_input > Newt.files._check_file_exists.file_path
::: ERROR :::
Expected <class 'str'>, got <class 'int'>
Value: 123
[0m

=====captured.err=====
(no stderr captured)
END=========================================
.
START=======================================
=====captured.out=====
Function: test_converts_windows_newlines
--------------------------------------------
'line1\r\nline2\r\nline3'
'line1\nline2\nline3'

=====captured.err=====
(no stderr captured)
END=========================================
.
START=======================================
=====captured.out=====
Function: test_preserves_unix_newlines
--------------------------------------------
'line1\nline2\nline3'
'line1\nline2\nline3'

=====captured.err=====
(no stderr captured)
END=========================================
.
START=======================================
=====captured.out=====
Function: test_handles_mixed_newlines
--------------------------------------------
'line1\r\nline2\nline3\r\n'
'line1\nline2\nline3\n'

=====captured.err=====
(no stderr captured)
END=========================================
.
START=======================================
=====captured.out=====
Function: test_handles_empty_string
--------------------------------------------

=====captured.err=====
(no stderr captured)
END=========================================
.
START=======================================
=====captured.out=====
Function: test_returns_none_for_nonexistent_folder
--------------------------------------------
[1m [31m
Location: Newt.files.choose_file_from_folder
::: ERROR :::
Folder not found: /nonexistent/folder
[0m

=====captured.err=====
(no stderr captured)
END=========================================
.
START=======================================
=====captured.out=====
Function: test_returns_none_for_empty_folder
--------------------------------------------
No files found in this folder.

=====captured.err=====
(no stderr captured)
END=========================================
.
START=======================================
=====captured.out=====
Function: test_returns_none_for_input_zero
--------------------------------------------

Available files: 3
  1: dummy_file_0.txt
  2: dummy_file_1.txt
  3: dummy_file_2.txt
  0: Exit / Cancel
Selection cancelled.

=====captured.err=====
(no stderr captured)
END=========================================
.
START=======================================
=====captured.out=====
Function: test_returns_none_for_invalid_input
--------------------------------------------
[1m [31m
Location: Newt.console.validate_input > Newt.files.choose_file_from_folder.folder_path
::: ERROR :::
Expected <class 'str'>, got <class 'int'>
Value: 123
[0m

=====captured.err=====
(no stderr captured)
END=========================================
.
START=======================================
=====captured.out=====
Function: test_save_and_read_text_file
--------------------------------------------
'Hello\nWorld!\n'

=====captured.err=====
(no stderr captured)
END=========================================
.
START=======================================
=====captured.out=====
Function: test_save_text_creates_directory
--------------------------------------------

=====captured.err=====
(no stderr captured)
END=========================================
.
START=======================================
=====captured.out=====
Function: test_save_text_append_mode
--------------------------------------------
'Line 1\n\nLine 2\n\n'

=====captured.err=====
(no stderr captured)
END=========================================
.
START=======================================
=====captured.out=====
Function: test_read_text_from_nonexistent_file
--------------------------------------------
[1m [31m
Location: Newt.files._check_file_exists
::: ERROR :::
File not found: /nonexistent/file.txt
[0m
''

=====captured.err=====
(no stderr captured)
END=========================================
.
START=======================================
=====captured.out=====
Function: test_save_text_normalizes_newlines
--------------------------------------------
'line1\r\nline2\r\n'
'line1\nline2\n\n'

=====captured.err=====
(no stderr captured)
END=========================================
.
START=======================================
=====captured.out=====
Function: test_save_text_invalid_input
--------------------------------------------
[1m [31m
Location: Newt.console.validate_input > Newt.files.save_text_to_file.file_name
::: ERROR :::
Expected <class 'str'>, got <class 'int'>
Value: 123
[0m
[1m [31m
Location: Newt.console.validate_input > Newt.files.save_text_to_file.text
::: ERROR :::
Expected <class 'str'>, got <class 'int'>
Value: 456
[0m

=====captured.err=====
(no stderr captured)
END=========================================
.
START=======================================
=====captured.out=====
Function: test_save_and_read_json_dict
--------------------------------------------
{'name': 'test', 'value': 123, 'items': [1, 2, 3]}
{'name': 'test', 'value': 123, 'items': [1, 2, 3]}
'{\n  "name": "test",\n  "value": 123,\n  "items": [\n    1,\n    2,\n    3\n  ]\n}\n'
{
  "name": "test",
  "value": 123,
  "items": [
    1,
    2,
    3
  ]
}


=====captured.err=====
(no stderr captured)
END=========================================
.
START=======================================
=====captured.out=====
Function: test_save_and_read_json_list
--------------------------------------------
[1, 2, 3, {'key': 'value'}]
[1, 2, 3, {'key': 'value'}]
'[\n  1,\n  2,\n  3,\n  {\n    "key": "value"\n  }\n]\n'
[
  1,
  2,
  3,
  {
    "key": "value"
  }
]


=====captured.err=====
(no stderr captured)
END=========================================
.
START=======================================
=====captured.out=====
Function: test_read_json_from_nonexistent_file
--------------------------------------------
[1m [31m
Location: Newt.files._check_file_exists
::: ERROR :::
File not found: /nonexistent/file.json
[0m
[]

=====captured.err=====
(no stderr captured)
END=========================================
.
START=======================================
=====captured.out=====
Function: test_save_json_creates_directory
--------------------------------------------
{'test': 'data'}

=====captured.err=====
(no stderr captured)
END=========================================
.
START=======================================
=====captured.out=====
Function: test_save_json_custom_indent
--------------------------------------------
{'a': 1, 'b': 2}
{'a': 1, 'b': 2}
'{\n    "a": 1,\n    "b": 2\n}\n'
{
    "a": 1,
    "b": 2
}


=====captured.err=====
(no stderr captured)
END=========================================
.
START=======================================
=====captured.out=====
Function: test_read_json_invalid_file
--------------------------------------------
[1m [31m
Location: Newt.files.read_json_from_file
::: ERROR :::
Exception: Expecting property name enclosed in double quotes: line 1 column 3 (char 2)
[0m

=====captured.err=====
(no stderr captured)
END=========================================
.
START=======================================
=====captured.out=====
Function: test_save_json_invalid_input
--------------------------------------------
[1m [31m
Location: Newt.console.validate_input > Newt.files.save_json_to_file.file_name
::: ERROR :::
Expected <class 'str'>, got <class 'int'>
Value: 123
[0m
[1m [31m
Location: Newt.console.validate_input > Newt.files.save_json_to_file.data
::: ERROR :::
Expected (<class 'list'>, <class 'dict'>), got <class 'str'>
Value: not a dict or list
[0m
[1m [31m
Location: Newt.files.read_json_from_file
::: ERROR :::
Exception: Expecting value: line 1 column 1 (char 0)
[0m
''

=====captured.err=====
(no stderr captured)
END=========================================
.
START=======================================
=====captured.out=====
Function: test_save_and_read_csv
--------------------------------------------
[['Name', 'Age', 'City'], ['Alice', '30', 'New York'], ['Bob', '25', 'London']]
[['Name', 'Age', 'City'], ['Alice', '30', 'New York'], ['Bob', '25', 'London']]
'Name;Age;City\nAlice;30;New York\nBob;25;London\n'
Name;Age;City
Alice;30;New York
Bob;25;London


=====captured.err=====
(no stderr captured)
END=========================================
.
START=======================================
=====captured.out=====
Function: test_save_and_read_csv_custom_delimiter
--------------------------------------------
[['A', 'B'], ['1', '2']]
[['A', 'B'], ['1', '2']]
'A,B\n1,2\n'
A,B
1,2


=====captured.err=====
(no stderr captured)
END=========================================
.
START=======================================
=====captured.out=====
Function: test_read_csv_from_nonexistent_file
--------------------------------------------
[1m [31m
Location: Newt.files._check_file_exists
::: ERROR :::
File not found: /nonexistent/file.csv
[0m
[]

=====captured.err=====
(no stderr captured)
END=========================================
.
START=======================================
=====captured.out=====
Function: test_save_csv_creates_directory
--------------------------------------------
[['Header'], ['Data']]

=====captured.err=====
(no stderr captured)
END=========================================
.
START=======================================
=====captured.out=====
Function: test_save_csv_normalizes_newlines_in_cells
--------------------------------------------
[['Cell1\r\nLine2', 'Cell2']]
[['Cell1\nLine2', 'Cell2']]
'"Cell1\nLine2";Cell2\n'
"Cell1
Line2";Cell2


=====captured.err=====
(no stderr captured)
END=========================================
.
START=======================================
=====captured.out=====
Function: test_save_csv_with_various_types
--------------------------------------------
[['String', 123, 45.67, True]]
[['String', '123', '45.67', 'True']]
'String;123;45.67;True\n'
String;123;45.67;True


=====captured.err=====
(no stderr captured)
END=========================================
.
START=======================================
=====captured.out=====
Function: test_save_csv_invalid_input
--------------------------------------------
[1m [31m
Location: Newt.console.validate_input > Newt.files.save_csv_to_file.file_name
::: ERROR :::
Expected <class 'str'>, got <class 'int'>
Value: 123
[0m
[1m [31m
Location: Newt.console.validate_input > Newt.files.save_csv_to_file.rows
::: ERROR :::
Expected (<class 'list'>, <class 'tuple'>), got <class 'str'>
Value: not a list
[0m
[1m [31m
Location: Newt.console.validate_input > Newt.files.save_csv_to_file.delimiter
::: ERROR :::
Expected <class 'str'>, got <class 'int'>
Value: 123
[0m
''

=====captured.err=====
(no stderr captured)
END=========================================
.
START=======================================
=====captured.out=====
Function: test_read_csv_invalid_delimiter
--------------------------------------------
[['A;B'], ['1;2']]
'A;B'

=====captured.err=====
(no stderr captured)
END=========================================
.

============================= 34 passed in 0.44s ==============================
